Arguments: 
  C:\Program Files\nodejs\node.exe C:\Users\20063\AppData\Roaming\npm\node_modules\yarn\bin\yarn.js add -D gh--pages

PATH: 
  C:\oraclexe\app\oracle\product\11.2.0\server\bin;C:\Program Files (x86)\VMware\VMware Workstation\bin\;C:\Windows\system32;C:\Windows;C:\Windows\System32\Wbem;C:\Windows\System32\WindowsPowerShell\v1.0\;C:\Windows\System32\OpenSSH\;C:\Program Files (x86)\NVIDIA Corporation\PhysX\Common;C:\Program Files\NVIDIA Corporation\NVIDIA NvDLISR;C:\WINDOWS\system32;C:\WINDOWS;C:\WINDOWS\System32\Wbem;C:\WINDOWS\System32\WindowsPowerShell\v1.0\;C:\WINDOWS\System32\OpenSSH\;C:\MinGW\bin;C:\Program Files\nodejs\;C:\Program Files\Git\cmd;C:\Program Files\Git\bin;C:\Users\20063\AppData\Local\Programs\Python\Python311\Scripts\;C:\Users\20063\AppData\Local\Programs\Python\Python311\;C:\Users\20063\AppData\Local\Microsoft\WindowsApps;C:\Users\20063\AppData\Local\Programs\Microsoft VS Code\bin;C:\Users\20063\Downloads\platform-tools_r33.0.1-windows\platform-tools;C:\Users\20063\AppData\Roaming\npm;C:\Program Files\Git\bin;

Yarn version: 
  1.22.19

Node version: 
  18.16.1

Platform: 
  win32 x64

Trace: 
  Error: https://registry.yarnpkg.com/gh--pages: Not found
      at params.callback [as _callback] (C:\Users\20063\AppData\Roaming\npm\node_modules\yarn\lib\cli.js:66145:18)
      at self.callback (C:\Users\20063\AppData\Roaming\npm\node_modules\yarn\lib\cli.js:140890:22)
      at Request.emit (node:events:513:28)
      at Request.<anonymous> (C:\Users\20063\AppData\Roaming\npm\node_modules\yarn\lib\cli.js:141862:10)
      at Request.emit (node:events:513:28)
      at IncomingMessage.<anonymous> (C:\Users\20063\AppData\Roaming\npm\node_modules\yarn\lib\cli.js:141784:12)
      at Object.onceWrapper (node:events:627:28)
      at IncomingMessage.emit (node:events:525:35)
      at endReadableNT (node:internal/streams/readable:1359:12)
      at process.processTicksAndRejections (node:internal/process/task_queues:82:21)

npm manifest: 
  {
    "name": "cryptic",
    "version": "0.1.0",
    "private": true,
    "dependencies": {
      "@chakra-ui/react": "^2.7.1",
      "@emotion/react": "^11.11.1",
      "@emotion/styled": "^11.11.0",
      "@testing-library/jest-dom": "^5.16.5",
      "@testing-library/react": "^13.4.0",
      "@testing-library/user-event": "^13.5.0",
      "axios": "^1.4.0",
      "chart.js": "^4.3.0",
      "framer-motion": "^10.12.18",
      "git": "^0.1.5",
      "react": "^18.2.0",
      "react-chartjs-2": "^5.2.0",
      "react-dom": "^18.2.0",
      "react-icons": "^4.10.1",
      "react-router-dom": "^6.14.1",
      "react-scripts": "5.0.1",
      "web-vitals": "^2.1.4"
    },
    "scripts": {
      "start": "react-scripts start",
      "build": "react-scripts build",
      "test": "react-scripts test",
      "eject": "react-scripts eject"
    },
    "eslintConfig": {
      "extends": [
        "react-app",
        "react-app/jest"
      ]
    },
    "browserslist": {
      "production": [
        ">0.2%",
        "not dead",
        "not op_mini all"
      ],
      "development": [
        "last 1 chrome version",
        "last 1 firefox version",
        "last 1 safari version"
      ]
    }
  }

yarn manifest: 
  No manifest

Lockfile: 
  No lockfile
